<?xml version="1.0" encoding="UTF-8"?>
<testsuites>
  <testsuite name="C:\Users\vinic\Documents\dev\php\teste-back-end-jr-php\phpunit.xml.dist" tests="1" assertions="4" errors="0" failures="1" skipped="0" time="0.094168">
    <testsuite name="Project Test Suite" tests="1" assertions="4" errors="0" failures="1" skipped="0" time="0.094168">
      <testsuite name="App\Tests\Integration\DatabaseConnectionTest" file="C:\Users\vinic\Documents\dev\php\teste-back-end-jr-php\tests\DatabaseConnectionTest.php" tests="1" assertions="4" errors="0" failures="1" skipped="0" time="0.094168">
        <testcase name="testEntityManagerConnection" file="C:\Users\vinic\Documents\dev\php\teste-back-end-jr-php\tests\DatabaseConnectionTest.php" line="25" class="App\Tests\Integration\DatabaseConnectionTest" classname="App.Tests.Integration.DatabaseConnectionTest" assertions="4" time="0.094168">
          <failure type="PHPUnit\Framework\AssertionFailedError">App\Tests\Integration\DatabaseConnectionTest::testEntityManagerConnection&#13;
Failed to establish connection: Entity Manager connection should be established.
Failed asserting that false is true.
&#13;
C:\Users\vinic\Documents\dev\php\teste-back-end-jr-php\tests\DatabaseConnectionTest.php:36
C:\Users\vinic\Documents\dev\php\teste-back-end-jr-php\vendor\phpunit\phpunit\phpunit:104</failure>
        </testcase>
      </testsuite>
    </testsuite>
  </testsuite>
</testsuites>
